Configuring megaparsec-7.0.4...
Preprocessing library for megaparsec-7.0.4..
Building library for megaparsec-7.0.4..
[ 1 of 15] Compiling Text.Megaparsec.Pos ( Text\Megaparsec\Pos.hs, .stack-work\dist\e626a42b\build\Text\Megaparsec\Pos.o )
[ 2 of 15] Compiling Text.Megaparsec.State ( Text\Megaparsec\State.hs, .stack-work\dist\e626a42b\build\Text\Megaparsec\State.o )
[ 3 of 15] Compiling Text.Megaparsec.Stream ( Text\Megaparsec\Stream.hs, .stack-work\dist\e626a42b\build\Text\Megaparsec\Stream.o )
[ 4 of 15] Compiling Text.Megaparsec.Error ( Text\Megaparsec\Error.hs, .stack-work\dist\e626a42b\build\Text\Megaparsec\Error.o )
[ 5 of 15] Compiling Text.Megaparsec.Error.Builder ( Text\Megaparsec\Error\Builder.hs, .stack-work\dist\e626a42b\build\Text\Megaparsec\Error\Builder.o )
[ 6 of 15] Compiling Text.Megaparsec.Class ( Text\Megaparsec\Class.hs, .stack-work\dist\e626a42b\build\Text\Megaparsec\Class.o )
[ 7 of 15] Compiling Text.Megaparsec.Internal ( Text\Megaparsec\Internal.hs, .stack-work\dist\e626a42b\build\Text\Megaparsec\Internal.o )
[ 8 of 15] Compiling Text.Megaparsec.Debug ( Text\Megaparsec\Debug.hs, .stack-work\dist\e626a42b\build\Text\Megaparsec\Debug.o )
[ 9 of 15] Compiling Text.Megaparsec  ( Text\Megaparsec.hs, .stack-work\dist\e626a42b\build\Text\Megaparsec.o )
[10 of 15] Compiling Text.Megaparsec.Common ( Text\Megaparsec\Common.hs, .stack-work\dist\e626a42b\build\Text\Megaparsec\Common.o )
[11 of 15] Compiling Text.Megaparsec.Lexer ( Text\Megaparsec\Lexer.hs, .stack-work\dist\e626a42b\build\Text\Megaparsec\Lexer.o )
[12 of 15] Compiling Text.Megaparsec.Char ( Text\Megaparsec\Char.hs, .stack-work\dist\e626a42b\build\Text\Megaparsec\Char.o )
[13 of 15] Compiling Text.Megaparsec.Char.Lexer ( Text\Megaparsec\Char\Lexer.hs, .stack-work\dist\e626a42b\build\Text\Megaparsec\Char\Lexer.o )
[14 of 15] Compiling Text.Megaparsec.Byte ( Text\Megaparsec\Byte.hs, .stack-work\dist\e626a42b\build\Text\Megaparsec\Byte.o )
[15 of 15] Compiling Text.Megaparsec.Byte.Lexer ( Text\Megaparsec\Byte\Lexer.hs, .stack-work\dist\e626a42b\build\Text\Megaparsec\Byte\Lexer.o )
Installing library in C:\sr\snapshots\2d4c2efd\lib\x86_64-windows-ghc-8.6.3\megaparsec-7.0.4-44bsTRLrZMDH8DjvOiD62G
Registering library for megaparsec-7.0.4..
